<?xml version="1.0" encoding="UTF-8"?>
<!-- Generated by org.testng.reporters.JUnitReportReporter -->
<testsuite hostname="LAPTOP-LUP3JV7D" failures="0" tests="4" name="com.caseStudy03.tests.TestClass" time="11.750" errors="0" timestamp="2020-10-01T22:59:18 IST" skipped="0">
  <testcase classname="com.caseStudy03.tests.TestClass" name="postPositiveTest" time="4.428"/>
  <system-out/>
  <testcase classname="com.caseStudy03.tests.TestClass" name="putPositiveTest" time="2.120"/>
  <system-out/>
  <testcase classname="com.caseStudy03.tests.TestClass" name="getPositiveTest" time="2.732"/>
  <system-out/>
  <testcase classname="com.caseStudy03.tests.TestClass" name="daletePositiveTest" time="2.470"/>
  <system-out/>
</testsuite> <!-- com.caseStudy03.tests.TestClass -->
